----------

Mon Dec 27 2021 02:21:05 GMT-0600 (Central Standard Time)

warning: LF will be replaced by CRLF in about-me.html.
The file will have its original line endings in your working directory


----------

Mon Dec 27 2021 02:21:05 GMT-0600 (Central Standard Time)

warning: LF will be replaced by CRLF in assets/bootstrap/css/bootstrap.min.css.
The file will have its original line endings in your working directory


----------

Mon Dec 27 2021 02:21:05 GMT-0600 (Central Standard Time)

warning: LF will be replaced by CRLF in assets/bootstrap/js/bootstrap.min.js.
The file will have its original line endings in your working directory


----------

Mon Dec 27 2021 02:21:05 GMT-0600 (Central Standard Time)

warning: LF will be replaced by CRLF in assets/css/Dark-Mode-Switch.css.
The file will have its original line endings in your working directory


----------

Mon Dec 27 2021 02:21:05 GMT-0600 (Central Standard Time)

warning: LF will be replaced by CRLF in assets/css/Dark-NavBar-1.css.
The file will have its original line endings in your working directory


----------

Mon Dec 27 2021 02:21:05 GMT-0600 (Central Standard Time)

warning: LF will be replaced by CRLF in assets/css/Dark-NavBar-2.css.
The file will have its original line endings in your working directory


----------

Mon Dec 27 2021 02:21:05 GMT-0600 (Central Standard Time)

warning: LF will be replaced by CRLF in assets/css/Dark-NavBar.css.
The file will have its original line endings in your working directory


----------

Mon Dec 27 2021 02:21:06 GMT-0600 (Central Standard Time)

warning: LF will be replaced by CRLF in assets/css/Feature-Section-MD.css.
The file will have its original line endings in your working directory


----------

Mon Dec 27 2021 02:21:06 GMT-0600 (Central Standard Time)

warning: LF will be replaced by CRLF in assets/css/Loading-Page-Animation-Style.css.
The file will have its original line endings in your working directory


----------

Mon Dec 27 2021 02:21:06 GMT-0600 (Central Standard Time)

warning: LF will be replaced by CRLF in assets/css/Modern-Contact-Form.css.
The file will have its original line endings in your working directory


----------

Mon Dec 27 2021 02:21:06 GMT-0600 (Central Standard Time)

warning: LF will be replaced by CRLF in assets/css/MySkills-F19687.css.
The file will have its original line endings in your working directory


----------

Mon Dec 27 2021 02:21:06 GMT-0600 (Central Standard Time)

warning: LF will be replaced by CRLF in assets/css/Pretty-User-List.css.
The file will have its original line endings in your working directory


----------

Mon Dec 27 2021 02:21:06 GMT-0600 (Central Standard Time)

warning: LF will be replaced by CRLF in assets/css/Simple-Slider.css.
The file will have its original line endings in your working directory


----------

Mon Dec 27 2021 02:21:06 GMT-0600 (Central Standard Time)

warning: LF will be replaced by CRLF in assets/css/Video-Responsive-YouTube.css.
The file will have its original line endings in your working directory


----------

Mon Dec 27 2021 02:21:06 GMT-0600 (Central Standard Time)

warning: LF will be replaced by CRLF in assets/css/web-technologies.css.
The file will have its original line endings in your working directory


----------

Mon Dec 27 2021 02:21:06 GMT-0600 (Central Standard Time)

warning: LF will be replaced by CRLF in assets/fonts/fa-brands-400.svg.
The file will have its original line endings in your working directory


----------

Mon Dec 27 2021 02:21:06 GMT-0600 (Central Standard Time)

warning: LF will be replaced by CRLF in assets/fonts/fa-regular-400.svg.
The file will have its original line endings in your working directory


----------

Mon Dec 27 2021 02:21:06 GMT-0600 (Central Standard Time)

warning: LF will be replaced by CRLF in assets/fonts/fa-solid-900.svg.
The file will have its original line endings in your working directory


----------

Mon Dec 27 2021 02:21:06 GMT-0600 (Central Standard Time)

warning: LF will be replaced by CRLF in assets/fonts/font-awesome.min.css.
The file will have its original line endings in your working directory


----------

Mon Dec 27 2021 02:21:06 GMT-0600 (Central Standard Time)

warning: LF will be replaced by CRLF in assets/fonts/fontawesome-all.min.css.
The file will have its original line endings in your working directory


----------

Mon Dec 27 2021 02:21:06 GMT-0600 (Central Standard Time)

warning: LF will be replaced by CRLF in assets/fonts/fontawesome-webfont.svg.
The file will have its original line endings in your working directory


----------

Mon Dec 27 2021 02:21:06 GMT-0600 (Central Standard Time)

warning: LF will be replaced by CRLF in assets/fonts/ionicons.min.css.
The file will have its original line endings in your working directory


----------

Mon Dec 27 2021 02:21:06 GMT-0600 (Central Standard Time)

warning: LF will be replaced by CRLF in assets/fonts/ionicons.svg.
The file will have its original line endings in your working directory


----------

Mon Dec 27 2021 02:21:11 GMT-0600 (Central Standard Time)

warning: LF will be replaced by CRLF in assets/js/Dark-Mode-Switch.js.
The file will have its original line endings in your working directory


----------

Mon Dec 27 2021 02:21:11 GMT-0600 (Central Standard Time)

warning: LF will be replaced by CRLF in assets/js/Loading-Page-Animation-Style.js.
The file will have its original line endings in your working directory


----------

Mon Dec 27 2021 02:21:11 GMT-0600 (Central Standard Time)

warning: LF will be replaced by CRLF in assets/js/Simple-Slider.js.
The file will have its original line endings in your working directory


----------

Mon Dec 27 2021 02:21:11 GMT-0600 (Central Standard Time)

warning: LF will be replaced by CRLF in assets/js/bs-init.js.
The file will have its original line endings in your working directory


----------

Mon Dec 27 2021 02:21:11 GMT-0600 (Central Standard Time)

warning: LF will be replaced by CRLF in assets/js/connect.js.
The file will have its original line endings in your working directory


----------

Mon Dec 27 2021 02:21:11 GMT-0600 (Central Standard Time)

warning: LF will be replaced by CRLF in assets/js/index.js.
The file will have its original line endings in your working directory


----------

Mon Dec 27 2021 02:21:11 GMT-0600 (Central Standard Time)

warning: LF will be replaced by CRLF in assets/js/project-page.js.
The file will have its original line endings in your working directory


----------

Mon Dec 27 2021 02:21:11 GMT-0600 (Central Standard Time)

warning: LF will be replaced by CRLF in assets/js/projects-grid-cards.js.
The file will have its original line endings in your working directory


----------

Mon Dec 27 2021 02:21:11 GMT-0600 (Central Standard Time)

warning: LF will be replaced by CRLF in assets/js/theme.js.
The file will have its original line endings in your working directory


----------

Mon Dec 27 2021 02:21:11 GMT-0600 (Central Standard Time)

warning: LF will be replaced by CRLF in connect.html.
The file will have its original line endings in your working directory


----------

Mon Dec 27 2021 02:21:11 GMT-0600 (Central Standard Time)

warning: LF will be replaced by CRLF in contact.html.
The file will have its original line endings in your working directory


----------

Mon Dec 27 2021 02:21:11 GMT-0600 (Central Standard Time)

warning: LF will be replaced by CRLF in index.html.
The file will have its original line endings in your working directory


----------

Mon Dec 27 2021 02:21:11 GMT-0600 (Central Standard Time)

warning: LF will be replaced by CRLF in project-page.html.
The file will have its original line endings in your working directory


----------

Mon Dec 27 2021 02:21:11 GMT-0600 (Central Standard Time)

warning: LF will be replaced by CRLF in projects-compact-grid.html.
The file will have its original line endings in your working directory


----------

Mon Dec 27 2021 02:21:11 GMT-0600 (Central Standard Time)

warning: LF will be replaced by CRLF in projects-grid-cards.html.
The file will have its original line endings in your working directory


----------

Mon Dec 27 2021 02:21:11 GMT-0600 (Central Standard Time)

warning: LF will be replaced by CRLF in projects-no-images.html.
The file will have its original line endings in your working directory


----------

Mon Dec 27 2021 02:21:11 GMT-0600 (Central Standard Time)

warning: LF will be replaced by CRLF in projects-with-sidebar.html.
The file will have its original line endings in your working directory


----------

Mon Dec 27 2021 02:21:11 GMT-0600 (Central Standard Time)

warning: LF will be replaced by CRLF in untitled.html.
The file will have its original line endings in your working directory


----------

Mon Dec 27 2021 02:21:34 GMT-0600 (Central Standard Time)

remote: warning: See http://git.io/iEPt8g for more information.        
remote: warning: File assets/img/ewmpics/Final_Product.gif is 96.46 MB; this is larger than GitHub's recommended maximum file size of 50.00 MB        
remote: warning: GH001: Large files detected. You may want to try Git Large File Storage - https://git-lfs.github.com.        


----------

Mon Dec 27 2021 02:21:35 GMT-0600 (Central Standard Time)

To https://github.com/wgalindo1453/wgalindo1453.github.io
   484a01a..9a8a422  main -> main


